c:\users\idjoo\documents\visual studio 2015\projects\cv_201211265\cv_201211265\debug\cv_201211265.pch
c:\users\idjoo\documents\visual studio 2015\projects\cv_201211265\cv_201211265\debug\vc140.pdb
c:\users\idjoo\documents\visual studio 2015\projects\cv_201211265\cv_201211265\debug\vc140.idb
c:\users\idjoo\documents\visual studio 2015\projects\cv_201211265\cv_201211265\debug\stdafx.obj
c:\users\idjoo\documents\visual studio 2015\projects\cv_201211265\cv_201211265\debug\cv_201211265.obj
c:\users\idjoo\documents\visual studio 2015\projects\cv_201211265\cv_201211265\debug\cv_201211265doc.obj
c:\users\idjoo\documents\visual studio 2015\projects\cv_201211265\cv_201211265\debug\cv_201211265view.obj
c:\users\idjoo\documents\visual studio 2015\projects\cv_201211265\cv_201211265\debug\mainfrm.obj
c:\users\idjoo\documents\visual studio 2015\projects\cv_201211265\debug\cv_201211265.ilk
c:\users\idjoo\documents\visual studio 2015\projects\cv_201211265\debug\cv_201211265.exe
c:\users\idjoo\documents\visual studio 2015\projects\cv_201211265\debug\cv_201211265.pdb
c:\users\idjoo\documents\visual studio 2015\projects\cv_201211265\cv_201211265\debug\cv_201211265.res
c:\users\idjoo\documents\visual studio 2015\projects\cv_201211265\cv_201211265\debug\cv_201211265.tlog\cl.command.1.tlog
c:\users\idjoo\documents\visual studio 2015\projects\cv_201211265\cv_201211265\debug\cv_201211265.tlog\cl.read.1.tlog
c:\users\idjoo\documents\visual studio 2015\projects\cv_201211265\cv_201211265\debug\cv_201211265.tlog\cl.write.1.tlog
c:\users\idjoo\documents\visual studio 2015\projects\cv_201211265\cv_201211265\debug\cv_201211265.tlog\link.command.1.tlog
c:\users\idjoo\documents\visual studio 2015\projects\cv_201211265\cv_201211265\debug\cv_201211265.tlog\link.read.1.tlog
c:\users\idjoo\documents\visual studio 2015\projects\cv_201211265\cv_201211265\debug\cv_201211265.tlog\link.write.1.tlog
c:\users\idjoo\documents\visual studio 2015\projects\cv_201211265\cv_201211265\debug\cv_201211265.tlog\rc.command.1.tlog
c:\users\idjoo\documents\visual studio 2015\projects\cv_201211265\cv_201211265\debug\cv_201211265.tlog\rc.read.1.tlog
c:\users\idjoo\documents\visual studio 2015\projects\cv_201211265\cv_201211265\debug\cv_201211265.tlog\rc.write.1.tlog
